<?xml version="1.0" encoding="UTF-8"?>
<!-- Generated by org.testng.reporters.JUnitReportReporter -->
<testsuite hostname="DESKTOP-JROTBF7" failures="0" tests="1" name="LiveProj.validatebar" time="38.771" errors="0" timestamp="2021-12-10T14:37:06 IST" skipped="0">
  <testcase classname="LiveProj.validatebar" name="valititle" time="38.771"/>
  <system-out/>
</testsuite> <!-- LiveProj.validatebar -->
