<?xml version="1.0" encoding="UTF-8"?>
<!-- Generated by org.testng.reporters.JUnitReportReporter -->
<testsuite hostname="DESKTOP-JROTBF7" failures="0" tests="1" name="LiveProj.validatetitle" time="146.838" errors="0" timestamp="2021-12-10T14:37:06 IST" skipped="0">
  <testcase classname="LiveProj.validatetitle" name="valititle" time="146.838"/>
  <system-out/>
</testsuite> <!-- LiveProj.validatetitle -->
